node:events:486
      throw er; // Unhandled 'error' event
      ^

Error: listen EADDRINUSE: address already in use :::2018
    at Server.setupListenHandle [as _listen2] (node:net:1940:16)
    at listenInCluster (node:net:1997:12)
    at Server.listen (node:net:2102:7)
    at Object.<anonymous> (/Users/shivamsharma/cosmos-explorer/jsorrery/server.js:32:9)
    at Module._compile (node:internal/modules/cjs/loader:1761:14)
    at Object..js (node:internal/modules/cjs/loader:1893:10)
    at Module.load (node:internal/modules/cjs/loader:1481:32)
    at Module._load (node:internal/modules/cjs/loader:1300:12)
    at TracingChannel.traceSync (node:diagnostics_channel:328:14)
    at wrapModuleLoad (node:internal/modules/cjs/loader:245:24)
    at Module.executeUserEntryPoint [as runMain] (node:internal/modules/run_main:154:5)
    at node:internal/main/run_main_module:33:47
Emitted 'error' event on Server instance at:
    at emitErrorNT (node:net:1976:8)
    at process.processTicksAndRejections (node:internal/process/task_queues:89:21) {
  code: 'EADDRINUSE',
  errno: -48,
  syscall: 'listen',
  address: '::',
  port: 2018
}

Node.js v24.13.0
Listening on: {"address":"::","family":"IPv6","port":2018}
 -> that probably means: http://localhost:2018
DEPRECATION WARNING [legacy-js-api]: The legacy JS API is deprecated and will be removed in Dart Sass 2.0.0.

More info: https://sass-lang.com/d/legacy-js-api

DEPRECATION WARNING [import]: Sass @import rules are deprecated and will be removed in Dart Sass 3.0.0.

More info and automated migrator: https://sass-lang.com/d/import

    ╷
200 │ @import './components/preloader';
    │         ^^^^^^^^^^^^^^^^^^^^^^^^
    ╵
    stdin 200:9  root stylesheet

DEPRECATION WARNING [import]: Sass @import rules are deprecated and will be removed in Dart Sass 3.0.0.

More info and automated migrator: https://sass-lang.com/d/import

    ╷
201 │ @import './components/gui';
    │         ^^^^^^^^^^^^^^^^^^
    ╵
    stdin 201:9  root stylesheet

DEPRECATION WARNING [slash-div]: Using / for division outside of calc() is deprecated and will be removed in Dart Sass 2.0.0.

Recommendation: math.div(-$sz, 2) or calc(-1 * $sz / 2)

More info and automated migrator: https://sass-lang.com/d/slash-div

    ╷
173 │     margin-top:-$sz / 2;
    │                ^^^^^^^^
    ╵
    stdin 173:13  root stylesheet

DEPRECATION WARNING [slash-div]: Using / for division outside of calc() is deprecated and will be removed in Dart Sass 2.0.0.

Recommendation: math.div(-$sz, 2) or calc(-1 * $sz / 2)

More info and automated migrator: https://sass-lang.com/d/slash-div

    ╷
174 │     margin-left:-$sz / 2;
    │                 ^^^^^^^^
    ╵
    stdin 174:14  root stylesheet

DEPRECATION WARNING [slash-div]: Using / for division outside of calc() is deprecated and will be removed in Dart Sass 2.0.0.

Recommendation: math.div($orbitSz, 2) or calc($orbitSz / 2)

More info and automated migrator: https://sass-lang.com/d/slash-div

   ╷
57 │         border-radius: $orbitSz/2;
   │                        ^^^^^^^^^^
   ╵
    src/scss/components/_preloader.scss 57:18  @import
    stdin 200:9                                root stylesheet

DEPRECATION WARNING [slash-div]: Using / for division outside of calc() is deprecated and will be removed in Dart Sass 2.0.0.

Recommendation: math.div(-$orbitSz, 2) or calc(-1 * $orbitSz / 2)

More info and automated migrator: https://sass-lang.com/d/slash-div

   ╷
61 │         margin-top:-$orbitSz/2;
   │                    ^^^^^^^^^^^
   ╵
    src/scss/components/_preloader.scss 61:14  @import
    stdin 200:9                                root stylesheet

DEPRECATION WARNING [slash-div]: Using / for division outside of calc() is deprecated and will be removed in Dart Sass 2.0.0.

Recommendation: math.div(-$orbitSz, 2) or calc(-1 * $orbitSz / 2)

More info and automated migrator: https://sass-lang.com/d/slash-div

   ╷
63 │         margin-left:-$orbitSz/2;
   │                     ^^^^^^^^^^^
   ╵
    src/scss/components/_preloader.scss 63:15  @import
    stdin 200:9                                root stylesheet

DEPRECATION WARNING [global-builtin]: Global built-in functions are deprecated and will be removed in Dart Sass 3.0.0.
Use color.adjust instead.

More info and automated migrator: https://sass-lang.com/d/import

   ╷
53 │         background: darken($widgetBorderCol, 10);
   │                     ^^^^^^^^^^^^^^^^^^^^^^^^^^^^
   ╵
    src/scss/components/_gui.scss 53:15  @import
    stdin 201:9                          root stylesheet

DEPRECATION WARNING [color-functions]: darken() is deprecated. Suggestions:

color.scale($color, $lightness: -75%)
color.adjust($color, $lightness: -10%)

More info: https://sass-lang.com/d/color-functions

   ╷
53 │         background: darken($widgetBorderCol, 10);
   │                     ^^^^^^^^^^^^^^^^^^^^^^^^^^^^
   ╵
    src/scss/components/_gui.scss 53:15  @import
    stdin 201:9                          root stylesheet

WARNING: 4 repetitive deprecation warnings omitted.

webpack built be4e2ee0c89e860f4277 in 1300ms
node:events:486
      throw er; // Unhandled 'error' event
      ^

Error: listen EADDRINUSE: address already in use :::2018
    at Server.setupListenHandle [as _listen2] (node:net:1940:16)
    at listenInCluster (node:net:1997:12)
    at Server.listen (node:net:2102:7)
    at Object.<anonymous> (/Users/shivamsharma/cosmos-explorer/jsorrery/server.js:32:9)
    at Module._compile (node:internal/modules/cjs/loader:1761:14)
    at Object..js (node:internal/modules/cjs/loader:1893:10)
    at Module.load (node:internal/modules/cjs/loader:1481:32)
    at Module._load (node:internal/modules/cjs/loader:1300:12)
    at TracingChannel.traceSync (node:diagnostics_channel:328:14)
    at wrapModuleLoad (node:internal/modules/cjs/loader:245:24)
    at Module.executeUserEntryPoint [as runMain] (node:internal/modules/run_main:154:5)
    at node:internal/main/run_main_module:33:47
Emitted 'error' event on Server instance at:
    at emitErrorNT (node:net:1976:8)
    at process.processTicksAndRejections (node:internal/process/task_queues:89:21) {
  code: 'EADDRINUSE',
  errno: -48,
  syscall: 'listen',
  address: '::',
  port: 2018
}

Node.js v24.13.0
::1 - GET / HTTP/1.1 200 10714 - 0.762 ms
::1 - GET /img/logo-la-grange.png HTTP/1.1 404 161 - 1.376 ms
::1 - GET /assets/data/vsop-earth.js HTTP/1.1 200 181285 - 1.641 ms
::1 - GET /assets/data/elp.js HTTP/1.1 200 1844843 - 3.025 ms
::1 - GET /jsorrery.js HTTP/1.1 200 2270091 - 0.914 ms
::1 - GET /assets/shaders/stars.vsh HTTP/1.1 200 247 - 0.597 ms
::1 - GET /assets/shaders/stars.fsh HTTP/1.1 200 235 - 1.947 ms
::1 - GET /assets/shaders/sun.vsh HTTP/1.1 200 216 - 1.670 ms
::1 - GET /assets/img/star.png HTTP/1.1 200 1741 - 1.474 ms
::1 - GET /assets/shaders/sun.fsh HTTP/1.1 200 7102 - 1.823 ms
::1 - GET /assets/img/mercurymap.jpg HTTP/1.1 200 285975 - 2.078 ms
::1 - GET /assets/img/venusmap.jpg HTTP/1.1 200 255067 - 1.365 ms
::1 - GET /assets/img/earthmap1k_clouds.jpg HTTP/1.1 200 287529 - 1.019 ms
::1 - GET /assets/img/mars_1k_color.jpg HTTP/1.1 200 232675 - 1.701 ms
::1 - GET /assets/img/jupitermap.jpg HTTP/1.1 200 157780 - 2.317 ms
::1 - GET /assets/img/saturnmap.jpg HTTP/1.1 200 46266 - 2.849 ms
::1 - GET /assets/img/uranusmap.jpg HTTP/1.1 200 8942 - 1.975 ms
::1 - GET /assets/img/saturnrings.png HTTP/1.1 200 24451 - 2.568 ms
::1 - GET /assets/img/neptunemap.jpg HTTP/1.1 200 48069 - 0.597 ms
::1 - GET /assets/img/plutomap1k.jpg HTTP/1.1 200 234035 - 0.453 ms
::1 - GET /assets/data/milkyway_heasarc_204k.json HTTP/1.1 200 5351656 - 1.389 ms
::1 - GET / HTTP/1.1 200 10714 - 0.360 ms
::1 - GET /img/logo-la-grange.png HTTP/1.1 404 161 - 0.438 ms
::1 - GET /jsorrery.js HTTP/1.1 200 2270091 - 1.266 ms
::1 - GET /assets/data/vsop-earth.js HTTP/1.1 200 181285 - 3.453 ms
::1 - GET /assets/data/elp.js HTTP/1.1 200 1844843 - 0.813 ms
::1 - GET /assets/shaders/stars.fsh HTTP/1.1 200 235 - 1.097 ms
::1 - GET /assets/shaders/stars.vsh HTTP/1.1 200 247 - 1.854 ms
::1 - GET /assets/img/star.png HTTP/1.1 200 1741 - 1.778 ms
::1 - GET /assets/shaders/sun.vsh HTTP/1.1 200 216 - 1.731 ms
::1 - GET /assets/shaders/sun.fsh HTTP/1.1 200 7102 - 1.879 ms
::1 - GET /assets/img/mercurymap.jpg HTTP/1.1 200 285975 - 2.826 ms
::1 - GET /assets/img/venusmap.jpg HTTP/1.1 200 255067 - 2.596 ms
::1 - GET /assets/img/earthmap1k_clouds.jpg HTTP/1.1 200 287529 - 1.924 ms
::1 - GET /assets/img/mars_1k_color.jpg HTTP/1.1 200 232675 - 2.064 ms
::1 - GET /assets/img/jupitermap.jpg HTTP/1.1 200 157780 - 0.951 ms
::1 - GET /assets/img/saturnmap.jpg HTTP/1.1 200 46266 - 2.681 ms
::1 - GET /assets/img/saturnrings.png HTTP/1.1 200 24451 - 1.315 ms
::1 - GET /assets/img/uranusmap.jpg HTTP/1.1 200 8942 - 0.513 ms
::1 - GET /assets/img/neptunemap.jpg HTTP/1.1 200 48069 - 0.959 ms
::1 - GET /assets/img/plutomap1k.jpg HTTP/1.1 200 234035 - 1.091 ms
::1 - GET /assets/data/milkyway_heasarc_204k.json HTTP/1.1 200 5351656 - 1.443 ms
::1 - GET /favicon.ico HTTP/1.1 404 150 - 0.749 ms
::1 - GET / HTTP/1.1 200 10714 - 1.298 ms
::1 - GET /img/logo-la-grange.png HTTP/1.1 404 161 - 0.809 ms
::1 - GET /assets/data/vsop-earth.js HTTP/1.1 304 - - 0.786 ms
::1 - GET /jsorrery.js HTTP/1.1 304 - - 2.054 ms
::1 - GET /assets/data/elp.js HTTP/1.1 304 - - 2.749 ms
::1 - GET /assets/shaders/stars.vsh HTTP/1.1 304 - - 0.951 ms
::1 - GET /assets/shaders/stars.fsh HTTP/1.1 304 - - 2.729 ms
::1 - GET /assets/img/star.png HTTP/1.1 304 - - 2.683 ms
::1 - GET /assets/shaders/sun.vsh HTTP/1.1 304 - - 2.696 ms
::1 - GET /assets/img/mercurymap.jpg HTTP/1.1 304 - - 1.511 ms
::1 - GET /assets/img/venusmap.jpg HTTP/1.1 304 - - 1.189 ms
::1 - GET /assets/img/earthmap1k_clouds.jpg HTTP/1.1 304 - - 0.956 ms
::1 - GET /assets/shaders/sun.fsh HTTP/1.1 304 - - 1.756 ms
::1 - GET /assets/data/milkyway_heasarc_204k.json HTTP/1.1 304 - - 0.759 ms
::1 - GET /assets/img/mars_1k_color.jpg HTTP/1.1 304 - - 0.484 ms
::1 - GET /assets/img/jupitermap.jpg HTTP/1.1 304 - - 0.803 ms
::1 - GET /assets/img/saturnrings.png HTTP/1.1 304 - - 1.058 ms
::1 - GET /assets/img/saturnmap.jpg HTTP/1.1 304 - - 0.587 ms
::1 - GET /assets/img/uranusmap.jpg HTTP/1.1 304 - - 0.620 ms
::1 - GET /assets/img/neptunemap.jpg HTTP/1.1 304 - - 0.336 ms
::1 - GET /assets/img/plutomap1k.jpg HTTP/1.1 304 - - 0.354 ms
Listening on: {"address":"::","family":"IPv6","port":2018}
 -> that probably means: http://localhost:2018
DEPRECATION WARNING [legacy-js-api]: The legacy JS API is deprecated and will be removed in Dart Sass 2.0.0.

More info: https://sass-lang.com/d/legacy-js-api

DEPRECATION WARNING [import]: Sass @import rules are deprecated and will be removed in Dart Sass 3.0.0.

More info and automated migrator: https://sass-lang.com/d/import

    ╷
200 │ @import './components/preloader';
    │         ^^^^^^^^^^^^^^^^^^^^^^^^
    ╵
    stdin 200:9  root stylesheet

DEPRECATION WARNING [import]: Sass @import rules are deprecated and will be removed in Dart Sass 3.0.0.

More info and automated migrator: https://sass-lang.com/d/import

    ╷
201 │ @import './components/gui';
    │         ^^^^^^^^^^^^^^^^^^
    ╵
    stdin 201:9  root stylesheet

DEPRECATION WARNING [slash-div]: Using / for division outside of calc() is deprecated and will be removed in Dart Sass 2.0.0.

Recommendation: math.div(-$sz, 2) or calc(-1 * $sz / 2)

More info and automated migrator: https://sass-lang.com/d/slash-div

    ╷
173 │     margin-top:-$sz / 2;
    │                ^^^^^^^^
    ╵
    stdin 173:13  root stylesheet

DEPRECATION WARNING [slash-div]: Using / for division outside of calc() is deprecated and will be removed in Dart Sass 2.0.0.

Recommendation: math.div(-$sz, 2) or calc(-1 * $sz / 2)

More info and automated migrator: https://sass-lang.com/d/slash-div

    ╷
174 │     margin-left:-$sz / 2;
    │                 ^^^^^^^^
    ╵
    stdin 174:14  root stylesheet

DEPRECATION WARNING [slash-div]: Using / for division outside of calc() is deprecated and will be removed in Dart Sass 2.0.0.

Recommendation: math.div($orbitSz, 2) or calc($orbitSz / 2)

More info and automated migrator: https://sass-lang.com/d/slash-div

   ╷
57 │         border-radius: $orbitSz/2;
   │                        ^^^^^^^^^^
   ╵
    src/scss/components/_preloader.scss 57:18  @import
    stdin 200:9                                root stylesheet

DEPRECATION WARNING [slash-div]: Using / for division outside of calc() is deprecated and will be removed in Dart Sass 2.0.0.

Recommendation: math.div(-$orbitSz, 2) or calc(-1 * $orbitSz / 2)

More info and automated migrator: https://sass-lang.com/d/slash-div

   ╷
61 │         margin-top:-$orbitSz/2;
   │                    ^^^^^^^^^^^
   ╵
    src/scss/components/_preloader.scss 61:14  @import
    stdin 200:9                                root stylesheet

DEPRECATION WARNING [slash-div]: Using / for division outside of calc() is deprecated and will be removed in Dart Sass 2.0.0.

Recommendation: math.div(-$orbitSz, 2) or calc(-1 * $orbitSz / 2)

More info and automated migrator: https://sass-lang.com/d/slash-div

   ╷
63 │         margin-left:-$orbitSz/2;
   │                     ^^^^^^^^^^^
   ╵
    src/scss/components/_preloader.scss 63:15  @import
    stdin 200:9                                root stylesheet

DEPRECATION WARNING [global-builtin]: Global built-in functions are deprecated and will be removed in Dart Sass 3.0.0.
Use color.adjust instead.

More info and automated migrator: https://sass-lang.com/d/import

   ╷
53 │         background: darken($widgetBorderCol, 10);
   │                     ^^^^^^^^^^^^^^^^^^^^^^^^^^^^
   ╵
    src/scss/components/_gui.scss 53:15  @import
    stdin 201:9                          root stylesheet

DEPRECATION WARNING [color-functions]: darken() is deprecated. Suggestions:

color.scale($color, $lightness: -75%)
color.adjust($color, $lightness: -10%)

More info: https://sass-lang.com/d/color-functions

   ╷
53 │         background: darken($widgetBorderCol, 10);
   │                     ^^^^^^^^^^^^^^^^^^^^^^^^^^^^
   ╵
    src/scss/components/_gui.scss 53:15  @import
    stdin 201:9                          root stylesheet

WARNING: 4 repetitive deprecation warnings omitted.

webpack built be4e2ee0c89e860f4277 in 1259ms
::1 - GET / HTTP/1.1 304 - - 1.076 ms
::1 - GET /img/logo-la-grange.png HTTP/1.1 404 161 - 2.087 ms
::1 - GET /assets/data/elp.js HTTP/1.1 304 - - 0.579 ms
::1 - GET /assets/data/vsop-earth.js HTTP/1.1 304 - - 1.040 ms
::1 - GET /jsorrery.js HTTP/1.1 304 - - 1.362 ms
::1 - GET /assets/shaders/stars.fsh HTTP/1.1 304 - - 0.626 ms
::1 - GET /assets/shaders/stars.vsh HTTP/1.1 304 - - 0.819 ms
::1 - GET /assets/img/mercurymap.jpg HTTP/1.1 304 - - 0.830 ms
::1 - GET /assets/data/milkyway_heasarc_204k.json HTTP/1.1 304 - - 0.626 ms
::1 - GET /assets/img/venusmap.jpg HTTP/1.1 304 - - 1.047 ms
::1 - GET /assets/img/star.png HTTP/1.1 304 - - 0.983 ms
::1 - GET /assets/img/earthmap1k_clouds.jpg HTTP/1.1 304 - - 1.975 ms
::1 - GET /assets/shaders/sun.vsh HTTP/1.1 304 - - 2.250 ms
::1 - GET /assets/shaders/sun.fsh HTTP/1.1 304 - - 2.301 ms
::1 - GET /assets/img/mars_1k_color.jpg HTTP/1.1 304 - - 1.815 ms
::1 - GET /assets/img/jupitermap.jpg HTTP/1.1 304 - - 1.337 ms
::1 - GET /assets/img/saturnmap.jpg HTTP/1.1 304 - - 1.372 ms
::1 - GET /assets/img/saturnrings.png HTTP/1.1 304 - - 2.060 ms
::1 - GET /assets/img/plutomap1k.jpg HTTP/1.1 304 - - 0.611 ms
::1 - GET /assets/img/uranusmap.jpg HTTP/1.1 304 - - 0.608 ms
::1 - GET /assets/img/neptunemap.jpg HTTP/1.1 304 - - 0.666 ms
::1 - GET / HTTP/1.1 304 - - 0.381 ms
::1 - GET /jsorrery.js HTTP/1.1 304 - - 1.484 ms
::1 - GET /assets/data/vsop-earth.js HTTP/1.1 304 - - 3.213 ms
::1 - GET /assets/data/elp.js HTTP/1.1 304 - - 3.396 ms
::1 - GET /img/logo-la-grange.png HTTP/1.1 404 161 - 1.185 ms
::1 - GET /assets/shaders/stars.vsh HTTP/1.1 304 - - 1.131 ms
::1 - GET /assets/shaders/stars.fsh HTTP/1.1 304 - - 0.538 ms
::1 - GET /assets/img/star.png HTTP/1.1 304 - - 1.196 ms
::1 - GET /assets/shaders/sun.vsh HTTP/1.1 304 - - 0.867 ms
::1 - GET /assets/data/milkyway_heasarc_204k.json HTTP/1.1 304 - - 1.344 ms
::1 - GET /assets/img/venusmap.jpg HTTP/1.1 304 - - 1.125 ms
::1 - GET /assets/img/earthmap1k_clouds.jpg HTTP/1.1 304 - - 1.097 ms
::1 - GET /assets/shaders/sun.fsh HTTP/1.1 304 - - 1.153 ms
::1 - GET /assets/img/mercurymap.jpg HTTP/1.1 304 - - 1.048 ms
::1 - GET /assets/img/mars_1k_color.jpg HTTP/1.1 304 - - 0.382 ms
::1 - GET /assets/img/saturnrings.png HTTP/1.1 304 - - 0.378 ms
::1 - GET /assets/img/jupitermap.jpg HTTP/1.1 304 - - 0.367 ms
::1 - GET /assets/img/saturnmap.jpg HTTP/1.1 304 - - 0.245 ms
::1 - GET /assets/img/uranusmap.jpg HTTP/1.1 304 - - 0.404 ms
::1 - GET /assets/img/neptunemap.jpg HTTP/1.1 304 - - 0.313 ms
::1 - GET /assets/img/plutomap1k.jpg HTTP/1.1 304 - - 0.307 ms
::1 - GET /assets/img/star.png HTTP/1.1 304 - - 0.822 ms
::1 - GET /assets/img/earthmap1k_clouds.jpg HTTP/1.1 304 - - 0.539 ms
::1 - GET /assets/img/mercurymap.jpg HTTP/1.1 304 - - 0.684 ms
::1 - GET /assets/img/venusmap.jpg HTTP/1.1 304 - - 0.382 ms
::1 - GET /assets/img/saturnmap.jpg HTTP/1.1 304 - - 0.183 ms
::1 - GET /assets/img/mars_1k_color.jpg HTTP/1.1 304 - - 0.269 ms
::1 - GET /assets/img/jupitermap.jpg HTTP/1.1 304 - - 0.305 ms
::1 - GET /assets/img/saturnrings.png HTTP/1.1 304 - - 0.501 ms
::1 - GET /assets/img/uranusmap.jpg HTTP/1.1 304 - - 0.834 ms
::1 - GET /assets/img/neptunemap.jpg HTTP/1.1 304 - - 0.552 ms
::1 - GET /assets/img/plutomap1k.jpg HTTP/1.1 304 - - 0.444 ms
::1 - GET /assets/img/star.png HTTP/1.1 304 - - 0.664 ms
::1 - GET /assets/img/mercurymap.jpg HTTP/1.1 304 - - 0.540 ms
::1 - GET /assets/img/venusmap.jpg HTTP/1.1 304 - - 0.452 ms
::1 - GET /assets/img/earthmap1k_clouds.jpg HTTP/1.1 304 - - 0.382 ms
::1 - GET /assets/img/mars_1k_color.jpg HTTP/1.1 304 - - 1.090 ms
::1 - GET /assets/img/moonmap4k_levels.jpg HTTP/1.1 200 872347 - 3.655 ms
::1 - GET /assets/img/star.png HTTP/1.1 304 - - 0.623 ms
::1 - GET /assets/img/mercurymap.jpg HTTP/1.1 304 - - 0.332 ms
::1 - GET /assets/img/venusmap.jpg HTTP/1.1 304 - - 0.460 ms
::1 - GET /assets/img/earthmap1k_clouds.jpg HTTP/1.1 304 - - 0.347 ms
::1 - GET /assets/img/mars_1k_color.jpg HTTP/1.1 304 - - 0.370 ms
::1 - GET /assets/img/moonmap4k_levels.jpg HTTP/1.1 304 - - 0.271 ms
::1 - GET / HTTP/1.1 304 - - 0.819 ms
::1 - GET /assets/data/vsop-earth.js HTTP/1.1 304 - - 0.690 ms
::1 - GET /img/logo-la-grange.png HTTP/1.1 404 161 - 0.829 ms
::1 - GET /jsorrery.js HTTP/1.1 304 - - 1.642 ms
::1 - GET /assets/data/elp.js HTTP/1.1 304 - - 2.467 ms
::1 - GET /assets/shaders/stars.fsh HTTP/1.1 304 - - 1.791 ms
::1 - GET /assets/shaders/stars.vsh HTTP/1.1 304 - - 1.325 ms
::1 - GET /assets/img/star.png HTTP/1.1 304 - - 1.968 ms
::1 - GET /assets/shaders/sun.vsh HTTP/1.1 304 - - 1.601 ms
::1 - GET /assets/data/milkyway_heasarc_204k.json HTTP/1.1 304 - - 1.809 ms
::1 - GET /assets/img/venusmap.jpg HTTP/1.1 304 - - 1.569 ms
::1 - GET /assets/shaders/sun.fsh HTTP/1.1 304 - - 1.989 ms
::1 - GET /assets/img/mercurymap.jpg HTTP/1.1 304 - - 3.203 ms
::1 - GET /assets/img/earthmap1k_clouds.jpg HTTP/1.1 304 - - 3.454 ms
::1 - GET /assets/img/mars_1k_color.jpg HTTP/1.1 304 - - 2.531 ms
::1 - GET /assets/img/jupitermap.jpg HTTP/1.1 304 - - 4.093 ms
::1 - GET /assets/img/saturnrings.png HTTP/1.1 304 - - 2.861 ms
::1 - GET /assets/img/saturnmap.jpg HTTP/1.1 304 - - 2.717 ms
::1 - GET /assets/img/uranusmap.jpg HTTP/1.1 304 - - 1.770 ms
::1 - GET /assets/img/neptunemap.jpg HTTP/1.1 304 - - 1.836 ms
::1 - GET /assets/img/plutomap1k.jpg HTTP/1.1 304 - - 0.372 ms
webpack building...
webpack built 0c0f4fd26d61e3d53355 in 249ms
webpack building...
webpack built 6b10446569903427c9a1 in 197ms
webpack building...
webpack built 1f454717f63870fca8c7 in 196ms
webpack building...
webpack built 17033bd24c725eefab9f in 211ms
webpack building...
webpack built 1504097b6ff1b0fad816 in 181ms
webpack building...
webpack built 8b7e4cf2d306e1df3543 in 183ms
webpack building...
DEPRECATION WARNING [legacy-js-api]: The legacy JS API is deprecated and will be removed in Dart Sass 2.0.0.

More info: https://sass-lang.com/d/legacy-js-api

DEPRECATION WARNING [import]: Sass @import rules are deprecated and will be removed in Dart Sass 3.0.0.

More info and automated migrator: https://sass-lang.com/d/import

    ╷
200 │ @import './components/preloader';
    │         ^^^^^^^^^^^^^^^^^^^^^^^^
    ╵
    stdin 200:9  root stylesheet

DEPRECATION WARNING [import]: Sass @import rules are deprecated and will be removed in Dart Sass 3.0.0.

More info and automated migrator: https://sass-lang.com/d/import

    ╷
201 │ @import './components/gui';
    │         ^^^^^^^^^^^^^^^^^^
    ╵
    stdin 201:9  root stylesheet

DEPRECATION WARNING [slash-div]: Using / for division outside of calc() is deprecated and will be removed in Dart Sass 2.0.0.

Recommendation: math.div(-$sz, 2) or calc(-1 * $sz / 2)

More info and automated migrator: https://sass-lang.com/d/slash-div

    ╷
173 │     margin-top:-$sz / 2;
    │                ^^^^^^^^
    ╵
    stdin 173:13  root stylesheet

DEPRECATION WARNING [slash-div]: Using / for division outside of calc() is deprecated and will be removed in Dart Sass 2.0.0.

Recommendation: math.div(-$sz, 2) or calc(-1 * $sz / 2)

More info and automated migrator: https://sass-lang.com/d/slash-div

    ╷
174 │     margin-left:-$sz / 2;
    │                 ^^^^^^^^
    ╵
    stdin 174:14  root stylesheet

DEPRECATION WARNING [slash-div]: Using / for division outside of calc() is deprecated and will be removed in Dart Sass 2.0.0.

Recommendation: math.div($orbitSz, 2) or calc($orbitSz / 2)

More info and automated migrator: https://sass-lang.com/d/slash-div

   ╷
57 │         border-radius: $orbitSz/2;
   │                        ^^^^^^^^^^
   ╵
    src/scss/components/_preloader.scss 57:18  @import
    stdin 200:9                                root stylesheet

DEPRECATION WARNING [slash-div]: Using / for division outside of calc() is deprecated and will be removed in Dart Sass 2.0.0.

Recommendation: math.div(-$orbitSz, 2) or calc(-1 * $orbitSz / 2)

More info and automated migrator: https://sass-lang.com/d/slash-div

   ╷
61 │         margin-top:-$orbitSz/2;
   │                    ^^^^^^^^^^^
   ╵
    src/scss/components/_preloader.scss 61:14  @import
    stdin 200:9                                root stylesheet

DEPRECATION WARNING [slash-div]: Using / for division outside of calc() is deprecated and will be removed in Dart Sass 2.0.0.

Recommendation: math.div(-$orbitSz, 2) or calc(-1 * $orbitSz / 2)

More info and automated migrator: https://sass-lang.com/d/slash-div

   ╷
63 │         margin-left:-$orbitSz/2;
   │                     ^^^^^^^^^^^
   ╵
    src/scss/components/_preloader.scss 63:15  @import
    stdin 200:9                                root stylesheet

DEPRECATION WARNING [global-builtin]: Global built-in functions are deprecated and will be removed in Dart Sass 3.0.0.
Use color.adjust instead.

More info and automated migrator: https://sass-lang.com/d/import

   ╷
53 │         background: darken($widgetBorderCol, 10);
   │                     ^^^^^^^^^^^^^^^^^^^^^^^^^^^^
   ╵
    src/scss/components/_gui.scss 53:15  @import
    stdin 201:9                          root stylesheet

DEPRECATION WARNING [color-functions]: darken() is deprecated. Suggestions:

color.scale($color, $lightness: -75%)
color.adjust($color, $lightness: -10%)

More info: https://sass-lang.com/d/color-functions

   ╷
53 │         background: darken($widgetBorderCol, 10);
   │                     ^^^^^^^^^^^^^^^^^^^^^^^^^^^^
   ╵
    src/scss/components/_gui.scss 53:15  @import
    stdin 201:9                          root stylesheet

WARNING: 4 repetitive deprecation warnings omitted.

webpack built deb6d58d483638f9756c in 218ms
webpack building...
webpack built d6b75cb04e1b9ed54347 in 242ms
webpack building...
webpack built 27f40a8c41e29fae4958 in 197ms
webpack building...
webpack built 904bf718d193089397a6 in 194ms
webpack building...
webpack built bd13a6e863beb0c028bb in 427ms
webpack building...
webpack built 6190717263823e32ab8c in 209ms
webpack building...
webpack built 79e9b30ce3297ab5e62f in 186ms
::1 - GET / HTTP/1.1 200 9300 - 1.085 ms
::1 - GET /assets/data/vsop-earth.js HTTP/1.1 304 - - 0.846 ms
::1 - GET /assets/data/elp.js HTTP/1.1 304 - - 0.490 ms
::1 - GET /jsorrery.js HTTP/1.1 200 2270073 - 1.541 ms
::1 - GET /assets/shaders/stars.vsh HTTP/1.1 304 - - 0.570 ms
::1 - GET /assets/shaders/stars.fsh HTTP/1.1 304 - - 0.907 ms
::1 - GET /assets/img/star.png HTTP/1.1 304 - - 0.595 ms
::1 - GET /assets/img/mercurymap.jpg HTTP/1.1 304 - - 0.851 ms
::1 - GET /assets/img/venusmap.jpg HTTP/1.1 304 - - 0.749 ms
::1 - GET /assets/img/earthmap1k_clouds.jpg HTTP/1.1 304 - - 0.948 ms
::1 - GET /assets/shaders/sun.vsh HTTP/1.1 304 - - 0.685 ms
::1 - GET /assets/shaders/sun.fsh HTTP/1.1 304 - - 0.926 ms
::1 - GET /assets/data/milkyway_heasarc_204k.json HTTP/1.1 304 - - 0.464 ms
::1 - GET /assets/img/mars_1k_color.jpg HTTP/1.1 304 - - 0.431 ms
::1 - GET /assets/img/jupitermap.jpg HTTP/1.1 304 - - 0.257 ms
::1 - GET /assets/img/saturnrings.png HTTP/1.1 304 - - 0.365 ms
::1 - GET /assets/img/saturnmap.jpg HTTP/1.1 304 - - 0.281 ms
::1 - GET /assets/img/uranusmap.jpg HTTP/1.1 304 - - 0.364 ms
::1 - GET /assets/img/neptunemap.jpg HTTP/1.1 304 - - 0.530 ms
::1 - GET /assets/img/plutomap1k.jpg HTTP/1.1 304 - - 0.324 ms
::1 - GET /assets/img/star.png HTTP/1.1 304 - - 2.173 ms
::1 - GET /assets/img/earthmap1k_clouds.jpg HTTP/1.1 304 - - 0.435 ms
::1 - GET /assets/img/moonmap4k_levels.jpg HTTP/1.1 304 - - 0.284 ms
::1 - GET /assets/img/star.png HTTP/1.1 304 - - 0.765 ms
::1 - GET /assets/img/jupitermap.jpg HTTP/1.1 304 - - 0.862 ms
::1 - GET /assets/img/star.png HTTP/1.1 304 - - 0.865 ms
::1 - GET /assets/img/mercurymap.jpg HTTP/1.1 304 - - 0.775 ms
::1 - GET /assets/img/venusmap.jpg HTTP/1.1 304 - - 0.479 ms
::1 - GET /assets/img/earthmap1k_clouds.jpg HTTP/1.1 304 - - 0.447 ms
::1 - GET /assets/img/mars_1k_color.jpg HTTP/1.1 304 - - 0.396 ms
::1 - GET /assets/img/jupitermap.jpg HTTP/1.1 304 - - 0.245 ms
::1 - GET /assets/img/saturnrings.png HTTP/1.1 304 - - 0.502 ms
::1 - GET /assets/img/saturnmap.jpg HTTP/1.1 304 - - 0.406 ms
::1 - GET /assets/img/uranusmap.jpg HTTP/1.1 304 - - 0.325 ms
::1 - GET /assets/img/neptunemap.jpg HTTP/1.1 304 - - 0.413 ms
::1 - GET /assets/img/plutomap1k.jpg HTTP/1.1 304 - - 0.296 ms
::1 - GET /assets/img/star.png HTTP/1.1 304 - - 0.835 ms
::1 - GET /assets/img/earthmap1k_clouds.jpg HTTP/1.1 304 - - 0.567 ms
::1 - GET /assets/img/star.png HTTP/1.1 304 - - 0.871 ms
::1 - GET /assets/img/jupitermap.jpg HTTP/1.1 304 - - 0.487 ms
webpack building...
webpack built e6212157b1d5b3965d06 in 272ms
webpack building...
DEPRECATION WARNING [legacy-js-api]: The legacy JS API is deprecated and will be removed in Dart Sass 2.0.0.

More info: https://sass-lang.com/d/legacy-js-api

DEPRECATION WARNING [import]: Sass @import rules are deprecated and will be removed in Dart Sass 3.0.0.

More info and automated migrator: https://sass-lang.com/d/import

    ╷
216 │ @import './components/preloader';
    │         ^^^^^^^^^^^^^^^^^^^^^^^^
    ╵
    stdin 216:9  root stylesheet

DEPRECATION WARNING [import]: Sass @import rules are deprecated and will be removed in Dart Sass 3.0.0.

More info and automated migrator: https://sass-lang.com/d/import

    ╷
217 │ @import './components/gui';
    │         ^^^^^^^^^^^^^^^^^^
    ╵
    stdin 217:9  root stylesheet

DEPRECATION WARNING [slash-div]: Using / for division outside of calc() is deprecated and will be removed in Dart Sass 2.0.0.

Recommendation: math.div(-$sz, 2) or calc(-1 * $sz / 2)

More info and automated migrator: https://sass-lang.com/d/slash-div

    ╷
189 │     margin-top:-$sz / 2;
    │                ^^^^^^^^
    ╵
    stdin 189:13  root stylesheet

DEPRECATION WARNING [slash-div]: Using / for division outside of calc() is deprecated and will be removed in Dart Sass 2.0.0.

Recommendation: math.div(-$sz, 2) or calc(-1 * $sz / 2)

More info and automated migrator: https://sass-lang.com/d/slash-div

    ╷
190 │     margin-left:-$sz / 2;
    │                 ^^^^^^^^
    ╵
    stdin 190:14  root stylesheet

DEPRECATION WARNING [slash-div]: Using / for division outside of calc() is deprecated and will be removed in Dart Sass 2.0.0.

Recommendation: math.div($orbitSz, 2) or calc($orbitSz / 2)

More info and automated migrator: https://sass-lang.com/d/slash-div

   ╷
57 │         border-radius: $orbitSz/2;
   │                        ^^^^^^^^^^
   ╵
    src/scss/components/_preloader.scss 57:18  @import
    stdin 216:9                                root stylesheet

DEPRECATION WARNING [slash-div]: Using / for division outside of calc() is deprecated and will be removed in Dart Sass 2.0.0.

Recommendation: math.div(-$orbitSz, 2) or calc(-1 * $orbitSz / 2)

More info and automated migrator: https://sass-lang.com/d/slash-div

   ╷
61 │         margin-top:-$orbitSz/2;
   │                    ^^^^^^^^^^^
   ╵
    src/scss/components/_preloader.scss 61:14  @import
    stdin 216:9                                root stylesheet

DEPRECATION WARNING [slash-div]: Using / for division outside of calc() is deprecated and will be removed in Dart Sass 2.0.0.

Recommendation: math.div(-$orbitSz, 2) or calc(-1 * $orbitSz / 2)

More info and automated migrator: https://sass-lang.com/d/slash-div

   ╷
63 │         margin-left:-$orbitSz/2;
   │                     ^^^^^^^^^^^
   ╵
    src/scss/components/_preloader.scss 63:15  @import
    stdin 216:9                                root stylesheet

DEPRECATION WARNING [global-builtin]: Global built-in functions are deprecated and will be removed in Dart Sass 3.0.0.
Use color.adjust instead.

More info and automated migrator: https://sass-lang.com/d/import

   ╷
53 │         background: darken($widgetBorderCol, 10);
   │                     ^^^^^^^^^^^^^^^^^^^^^^^^^^^^
   ╵
    src/scss/components/_gui.scss 53:15  @import
    stdin 217:9                          root stylesheet

DEPRECATION WARNING [color-functions]: darken() is deprecated. Suggestions:

color.scale($color, $lightness: -75%)
color.adjust($color, $lightness: -10%)

More info: https://sass-lang.com/d/color-functions

   ╷
53 │         background: darken($widgetBorderCol, 10);
   │                     ^^^^^^^^^^^^^^^^^^^^^^^^^^^^
   ╵
    src/scss/components/_gui.scss 53:15  @import
    stdin 217:9                          root stylesheet

WARNING: 4 repetitive deprecation warnings omitted.

webpack built f92ba0324a651eb0e5a7 in 234ms
::1 - GET / HTTP/1.1 200 9693 - 1.699 ms
::1 - GET /assets/data/vsop-earth.js HTTP/1.1 304 - - 2.106 ms
::1 - GET /jsorrery.js HTTP/1.1 200 2270425 - 2.216 ms
::1 - GET /assets/data/elp.js HTTP/1.1 304 - - 0.432 ms
::1 - GET /assets/shaders/stars.vsh HTTP/1.1 304 - - 0.951 ms
::1 - GET /assets/shaders/stars.fsh HTTP/1.1 304 - - 0.733 ms
::1 - GET /assets/img/star.png HTTP/1.1 304 - - 1.482 ms
::1 - GET /assets/shaders/sun.vsh HTTP/1.1 304 - - 1.407 ms
::1 - GET /assets/shaders/sun.fsh HTTP/1.1 304 - - 0.649 ms
::1 - GET /assets/img/mercurymap.jpg HTTP/1.1 304 - - 0.470 ms
::1 - GET /assets/img/venusmap.jpg HTTP/1.1 304 - - 0.449 ms
::1 - GET /assets/img/earthmap1k_clouds.jpg HTTP/1.1 304 - - 0.408 ms
::1 - GET /assets/data/milkyway_heasarc_204k.json HTTP/1.1 304 - - 0.491 ms
::1 - GET /assets/img/mars_1k_color.jpg HTTP/1.1 304 - - 0.509 ms
::1 - GET /assets/img/jupitermap.jpg HTTP/1.1 304 - - 0.316 ms
::1 - GET /assets/img/saturnrings.png HTTP/1.1 304 - - 0.657 ms
::1 - GET /assets/img/saturnmap.jpg HTTP/1.1 304 - - 0.509 ms
::1 - GET /assets/img/uranusmap.jpg HTTP/1.1 304 - - 0.515 ms
::1 - GET /assets/img/neptunemap.jpg HTTP/1.1 304 - - 0.644 ms
::1 - GET /assets/img/plutomap1k.jpg HTTP/1.1 304 - - 0.490 ms
